objc[4988]: Class AXEmojiUtilities is implemented in both /Applications/Xcode.app/Contents/Developer/Platforms/iPhoneSimulator.platform/Developer/SDKs/iPhoneSimulator7.0.sdk/System/Library/PrivateFrameworks/AccessibilityUtilities.framework/AccessibilityUtilities and /Applications/Xcode.app/Contents/Developer/Platforms/iPhoneSimulator.platform/Developer/SDKs/iPhoneSimulator7.0.sdk/usr/lib/libAXSpeechManager.dylib. One of the two will be used. Which one is undefined.
2014-01-20 11:43:11.033 MakeItHappen[4988:80b] Cannot find executable for CFBundle 0xa665560 </Applications/Xcode.app/Contents/Developer/Platforms/iPhoneSimulator.platform/Developer/SDKs/iPhoneSimulator7.0.sdk/System/Library/AccessibilityBundles/CertUIFramework.axbundle> (not loaded)
2014-01-20 11:43:11.074 MakeItHappen[4988:80b] Cannot find executable for CFBundle 0xa57f4e0 </Applications/Xcode.app/Contents/Developer/Platforms/iPhoneSimulator.platform/Developer/SDKs/iPhoneSimulator7.0.sdk/System/Library/AccessibilityBundles/GeoServices.axbundle> (not loaded)
2014-01-20 11:43:11.158 MakeItHappen[4988:80b] Multi-tasking -> Device: YES, App: YES
2014-01-20 11:43:11.608 MakeItHappen[4988:80b] Unlimited access to network resources
2014-01-20 11:43:13.993 MakeItHappen[4988:80b] Resetting plugins due to page load.
2014-01-20 11:43:14.773 MakeItHappen[4988:80b] Finished load of: file:///Users/kalynnakano/Library/Application%20Support/iPhone%20Simulator/7.0.3/Applications/D0398DCC-DF49-42C1-9F02-7898C0A945C5/MakeItHappen.app/www/index.html
objc[6136]: Class AXEmojiUtilities is implemented in both /Applications/Xcode.app/Contents/Developer/Platforms/iPhoneSimulator.platform/Developer/SDKs/iPhoneSimulator7.0.sdk/System/Library/PrivateFrameworks/AccessibilityUtilities.framework/AccessibilityUtilities and /Applications/Xcode.app/Contents/Developer/Platforms/iPhoneSimulator.platform/Developer/SDKs/iPhoneSimulator7.0.sdk/usr/lib/libAXSpeechManager.dylib. One of the two will be used. Which one is undefined.
2014-01-20 15:10:54.099 MakeItHappen[6136:80b] Cannot find executable for CFBundle 0xa736df0 </Applications/Xcode.app/Contents/Developer/Platforms/iPhoneSimulator.platform/Developer/SDKs/iPhoneSimulator7.0.sdk/System/Library/AccessibilityBundles/GeoServices.axbundle> (not loaded)
2014-01-20 15:11:00.522 MakeItHappen[6136:80b] Cannot find executable for CFBundle 0xa564d80 </Applications/Xcode.app/Contents/Developer/Platforms/iPhoneSimulator.platform/Developer/SDKs/iPhoneSimulator7.0.sdk/System/Library/AccessibilityBundles/CertUIFramework.axbundle> (not loaded)
2014-01-20 15:11:05.763 MakeItHappen[6136:80b] Multi-tasking -> Device: YES, App: YES
2014-01-20 15:11:07.903 MakeItHappen[6136:80b] Unlimited access to network resources
2014-01-20 15:11:38.174 MakeItHappen[6136:80b] Resetting plugins due to page load.
2014-01-20 15:11:48.289 MakeItHappen[6136:80b] Finished load of: file:///Users/kalynnakano/Library/Application%20Support/iPhone%20Simulator/7.0.3/Applications/D0398DCC-DF49-42C1-9F02-7898C0A945C5/MakeItHappen.app/www/index.html
objc[6330]: Class AXEmojiUtilities is implemented in both /Applications/Xcode.app/Contents/Developer/Platforms/iPhoneSimulator.platform/Developer/SDKs/iPhoneSimulator7.0.sdk/System/Library/PrivateFrameworks/AccessibilityUtilities.framework/AccessibilityUtilities and /Applications/Xcode.app/Contents/Developer/Platforms/iPhoneSimulator.platform/Developer/SDKs/iPhoneSimulator7.0.sdk/usr/lib/libAXSpeechManager.dylib. One of the two will be used. Which one is undefined.
2014-01-20 15:12:27.965 MakeItHappen[6330:80b] Cannot find executable for CFBundle 0xa5236a0 </Applications/Xcode.app/Contents/Developer/Platforms/iPhoneSimulator.platform/Developer/SDKs/iPhoneSimulator7.0.sdk/System/Library/AccessibilityBundles/GeoServices.axbundle> (not loaded)
2014-01-20 15:12:27.981 MakeItHappen[6330:80b] Cannot find executable for CFBundle 0xa476f50 </Applications/Xcode.app/Contents/Developer/Platforms/iPhoneSimulator.platform/Developer/SDKs/iPhoneSimulator7.0.sdk/System/Library/AccessibilityBundles/CertUIFramework.axbundle> (not loaded)
2014-01-20 15:12:28.018 MakeItHappen[6330:80b] Multi-tasking -> Device: YES, App: YES
2014-01-20 15:12:28.056 MakeItHappen[6330:80b] Unlimited access to network resources
2014-01-20 15:12:28.234 MakeItHappen[6330:80b] Resetting plugins due to page load.
2014-01-20 15:12:28.274 MakeItHappen[6330:80b] Finished load of: file:///Users/kalynnakano/Library/Application%20Support/iPhone%20Simulator/7.0.3/Applications/D0398DCC-DF49-42C1-9F02-7898C0A945C5/MakeItHappen.app/www/index.html
objc[6621]: Class AXEmojiUtilities is implemented in both /Applications/Xcode.app/Contents/Developer/Platforms/iPhoneSimulator.platform/Developer/SDKs/iPhoneSimulator7.0.sdk/System/Library/PrivateFrameworks/AccessibilityUtilities.framework/AccessibilityUtilities and /Applications/Xcode.app/Contents/Developer/Platforms/iPhoneSimulator.platform/Developer/SDKs/iPhoneSimulator7.0.sdk/usr/lib/libAXSpeechManager.dylib. One of the two will be used. Which one is undefined.
2014-01-20 15:20:37.328 MakeItHappen[6621:80b] Cannot find executable for CFBundle 0xa71e360 </Applications/Xcode.app/Contents/Developer/Platforms/iPhoneSimulator.platform/Developer/SDKs/iPhoneSimulator7.0.sdk/System/Library/AccessibilityBundles/CertUIFramework.axbundle> (not loaded)
2014-01-20 15:20:37.659 MakeItHappen[6621:80b] Cannot find executable for CFBundle 0xa5695d0 </Applications/Xcode.app/Contents/Developer/Platforms/iPhoneSimulator.platform/Developer/SDKs/iPhoneSimulator7.0.sdk/System/Library/AccessibilityBundles/GeoServices.axbundle> (not loaded)
2014-01-20 15:20:38.230 MakeItHappen[6621:80b] Multi-tasking -> Device: YES, App: YES
2014-01-20 15:20:38.381 MakeItHappen[6621:80b] Unlimited access to network resources
2014-01-20 15:20:41.814 MakeItHappen[6621:80b] Resetting plugins due to page load.
2014-01-20 15:20:42.229 MakeItHappen[6621:80b] Finished load of: file:///Users/kalynnakano/Library/Application%20Support/iPhone%20Simulator/7.0.3-64/Applications/73F8B5EF-7103-4A3C-A77A-A6FDD4942F81/MakeItHappen.app/www/index.html
objc[7101]: Class AXEmojiUtilities is implemented in both /Applications/Xcode.app/Contents/Developer/Platforms/iPhoneSimulator.platform/Developer/SDKs/iPhoneSimulator7.0.sdk/System/Library/PrivateFrameworks/AccessibilityUtilities.framework/AccessibilityUtilities and /Applications/Xcode.app/Contents/Developer/Platforms/iPhoneSimulator.platform/Developer/SDKs/iPhoneSimulator7.0.sdk/usr/lib/libAXSpeechManager.dylib. One of the two will be used. Which one is undefined.
2014-01-20 15:26:40.321 MakeItHappen[7101:80b] Cannot find executable for CFBundle 0xa5277d0 </Applications/Xcode.app/Contents/Developer/Platforms/iPhoneSimulator.platform/Developer/SDKs/iPhoneSimulator7.0.sdk/System/Library/AccessibilityBundles/GeoServices.axbundle> (not loaded)
2014-01-20 15:26:43.322 MakeItHappen[7101:80b] Cannot find executable for CFBundle 0xa53ed80 </Applications/Xcode.app/Contents/Developer/Platforms/iPhoneSimulator.platform/Developer/SDKs/iPhoneSimulator7.0.sdk/System/Library/AccessibilityBundles/CertUIFramework.axbundle> (not loaded)
2014-01-20 15:26:46.182 MakeItHappen[7101:80b] Multi-tasking -> Device: YES, App: YES
2014-01-20 15:26:46.397 MakeItHappen[7101:80b] Unlimited access to network resources
2014-01-20 15:26:52.601 MakeItHappen[7101:80b] Resetting plugins due to page load.
2014-01-20 15:26:54.482 MakeItHappen[7101:80b] Finished load of: file:///Users/kalynnakano/Library/Application%20Support/iPhone%20Simulator/7.0.3-64/Applications/73F8B5EF-7103-4A3C-A77A-A6FDD4942F81/MakeItHappen.app/www/index.html
objc[7281]: Class AXEmojiUtilities is implemented in both /Applications/Xcode.app/Contents/Developer/Platforms/iPhoneSimulator.platform/Developer/SDKs/iPhoneSimulator7.0.sdk/System/Library/PrivateFrameworks/AccessibilityUtilities.framework/AccessibilityUtilities and /Applications/Xcode.app/Contents/Developer/Platforms/iPhoneSimulator.platform/Developer/SDKs/iPhoneSimulator7.0.sdk/usr/lib/libAXSpeechManager.dylib. One of the two will be used. Which one is undefined.
2014-01-20 15:27:28.283 MakeItHappen[7281:80b] Cannot find executable for CFBundle 0xa55bd00 </Applications/Xcode.app/Contents/Developer/Platforms/iPhoneSimulator.platform/Developer/SDKs/iPhoneSimulator7.0.sdk/System/Library/AccessibilityBundles/CertUIFramework.axbundle> (not loaded)
2014-01-20 15:27:28.307 MakeItHappen[7281:80b] Cannot find executable for CFBundle 0xa48cc70 </Applications/Xcode.app/Contents/Developer/Platforms/iPhoneSimulator.platform/Developer/SDKs/iPhoneSimulator7.0.sdk/System/Library/AccessibilityBundles/GeoServices.axbundle> (not loaded)
2014-01-20 15:27:28.445 MakeItHappen[7281:80b] Multi-tasking -> Device: YES, App: YES
2014-01-20 15:27:28.464 MakeItHappen[7281:80b] Unlimited access to network resources
2014-01-20 15:27:29.003 MakeItHappen[7281:80b] Resetting plugins due to page load.
2014-01-20 15:27:29.152 MakeItHappen[7281:80b] Finished load of: file:///Users/kalynnakano/Library/Application%20Support/iPhone%20Simulator/7.0.3-64/Applications/73F8B5EF-7103-4A3C-A77A-A6FDD4942F81/MakeItHappen.app/www/index.html
objc[7958]: Class AXEmojiUtilities is implemented in both /Applications/Xcode.app/Contents/Developer/Platforms/iPhoneSimulator.platform/Developer/SDKs/iPhoneSimulator7.0.sdk/System/Library/PrivateFrameworks/AccessibilityUtilities.framework/AccessibilityUtilities and /Applications/Xcode.app/Contents/Developer/Platforms/iPhoneSimulator.platform/Developer/SDKs/iPhoneSimulator7.0.sdk/usr/lib/libAXSpeechManager.dylib. One of the two will be used. Which one is undefined.
2014-01-20 16:06:56.722 MakeItHappen[7958:80b] Cannot find executable for CFBundle 0xa48d0a0 </Applications/Xcode.app/Contents/Developer/Platforms/iPhoneSimulator.platform/Developer/SDKs/iPhoneSimulator7.0.sdk/System/Library/AccessibilityBundles/GeoServices.axbundle> (not loaded)
2014-01-20 16:06:57.062 MakeItHappen[7958:80b] Cannot find executable for CFBundle 0xa4a8db0 </Applications/Xcode.app/Contents/Developer/Platforms/iPhoneSimulator.platform/Developer/SDKs/iPhoneSimulator7.0.sdk/System/Library/AccessibilityBundles/CertUIFramework.axbundle> (not loaded)
2014-01-20 16:06:58.361 MakeItHappen[7958:80b] Multi-tasking -> Device: YES, App: YES
2014-01-20 16:06:58.567 MakeItHappen[7958:80b] Unlimited access to network resources
2014-01-20 16:07:03.531 MakeItHappen[7958:80b] Resetting plugins due to page load.
2014-01-20 16:07:05.234 MakeItHappen[7958:80b] Finished load of: file:///Users/kalynnakano/Library/Application%20Support/iPhone%20Simulator/7.0.3-64/Applications/73F8B5EF-7103-4A3C-A77A-A6FDD4942F81/MakeItHappen.app/www/index.html
objc[8678]: Class AXEmojiUtilities is implemented in both /Applications/Xcode.app/Contents/Developer/Platforms/iPhoneSimulator.platform/Developer/SDKs/iPhoneSimulator7.0.sdk/System/Library/PrivateFrameworks/AccessibilityUtilities.framework/AccessibilityUtilities and /Applications/Xcode.app/Contents/Developer/Platforms/iPhoneSimulator.platform/Developer/SDKs/iPhoneSimulator7.0.sdk/usr/lib/libAXSpeechManager.dylib. One of the two will be used. Which one is undefined.
2014-01-20 17:00:38.134 MakeItHappen[8678:80b] Cannot find executable for CFBundle 0xa47aaf0 </Applications/Xcode.app/Contents/Developer/Platforms/iPhoneSimulator.platform/Developer/SDKs/iPhoneSimulator7.0.sdk/System/Library/AccessibilityBundles/GeoServices.axbundle> (not loaded)
2014-01-20 17:00:38.458 MakeItHappen[8678:80b] Cannot find executable for CFBundle 0xa761090 </Applications/Xcode.app/Contents/Developer/Platforms/iPhoneSimulator.platform/Developer/SDKs/iPhoneSimulator7.0.sdk/System/Library/AccessibilityBundles/CertUIFramework.axbundle> (not loaded)
2014-01-20 17:00:39.353 MakeItHappen[8678:80b] Multi-tasking -> Device: YES, App: YES
2014-01-20 17:00:39.471 MakeItHappen[8678:80b] Unlimited access to network resources
2014-01-20 17:00:43.433 MakeItHappen[8678:80b] Resetting plugins due to page load.
2014-01-20 17:00:44.425 MakeItHappen[8678:80b] Finished load of: file:///Users/kalynnakano/Library/Application%20Support/iPhone%20Simulator/7.0.3-64/Applications/73F8B5EF-7103-4A3C-A77A-A6FDD4942F81/MakeItHappen.app/www/index.html
